<?xml version="1.0" encoding="UTF-8"?>
<testng-results skipped="0" failed="0" ignored="0" total="1" passed="1">
  <reporter-output>
  </reporter-output>
  <suite name="Default suite" duration-ms="13079" started-at="2021-04-03T11:28:49 IST" finished-at="2021-04-03T11:29:02 IST">
    <groups>
    </groups>
    <test name="Default test" duration-ms="13079" started-at="2021-04-03T11:28:49 IST" finished-at="2021-04-03T11:29:02 IST">
      <class name="WalletHubTest.FacebookLoginTest">
        <test-method status="PASS" signature="setChromeDriver()[pri:0, instance:WalletHubTest.FacebookLoginTest@32709393]" name="setChromeDriver" is-config="true" duration-ms="7469" started-at="2021-04-03T11:28:49 IST" finished-at="2021-04-03T11:28:56 IST">
          <reporter-output>
          </reporter-output>
        </test-method> <!-- setChromeDriver -->
        <test-method status="PASS" signature="loginToFacebookAndSetStatus()[pri:0, instance:WalletHubTest.FacebookLoginTest@32709393]" name="loginToFacebookAndSetStatus" duration-ms="5071" started-at="2021-04-03T11:28:56 IST" finished-at="2021-04-03T11:29:01 IST">
          <reporter-output>
          </reporter-output>
        </test-method> <!-- loginToFacebookAndSetStatus -->
        <test-method status="PASS" signature="tearDown()[pri:0, instance:WalletHubTest.FacebookLoginTest@32709393]" name="tearDown" is-config="true" duration-ms="461" started-at="2021-04-03T11:29:02 IST" finished-at="2021-04-03T11:29:02 IST">
          <reporter-output>
          </reporter-output>
        </test-method> <!-- tearDown -->
      </class> <!-- WalletHubTest.FacebookLoginTest -->
    </test> <!-- Default test -->
  </suite> <!-- Default suite -->
</testng-results>
