<?xml version="1.0" encoding="UTF-8"?>
<testng-results ignored="0" total="1" passed="1" failed="0" skipped="0">
  <reporter-output>
  </reporter-output>
  <suite started-at="2021-04-02T17:35:31 IST" name="Default suite" finished-at="2021-04-02T17:35:45 IST" duration-ms="13735">
    <groups>
    </groups>
    <test started-at="2021-04-02T17:35:31 IST" name="Default test" finished-at="2021-04-02T17:35:45 IST" duration-ms="13735">
      <class name="WalletHubTest.FacebookLoginTest">
        <test-method is-config="true" signature="setChromeDriver()[pri:0, instance:WalletHubTest.FacebookLoginTest@76ed1b7c]" started-at="2021-04-02T17:35:31 IST" name="setChromeDriver" finished-at="2021-04-02T17:35:36 IST" duration-ms="5150" status="PASS">
          <reporter-output>
          </reporter-output>
        </test-method> <!-- setChromeDriver -->
        <test-method signature="loginToFacebookAndSetStatus()[pri:0, instance:WalletHubTest.FacebookLoginTest@76ed1b7c]" started-at="2021-04-02T17:35:36 IST" name="loginToFacebookAndSetStatus" finished-at="2021-04-02T17:35:44 IST" duration-ms="7398" status="PASS">
          <reporter-output>
          </reporter-output>
        </test-method> <!-- loginToFacebookAndSetStatus -->
        <test-method is-config="true" signature="tearDown()[pri:0, instance:WalletHubTest.FacebookLoginTest@76ed1b7c]" started-at="2021-04-02T17:35:44 IST" name="tearDown" finished-at="2021-04-02T17:35:45 IST" duration-ms="1096" status="PASS">
          <reporter-output>
          </reporter-output>
        </test-method> <!-- tearDown -->
      </class> <!-- WalletHubTest.FacebookLoginTest -->
    </test> <!-- Default test -->
  </suite> <!-- Default suite -->
</testng-results>
